<?xml version="1.0" encoding="UTF-8"?>
<testsuite xmlns:xsi="http://www.w3.org/2001/XMLSchema-instance" xsi:noNamespaceSchemaLocation="https://maven.apache.org/surefire/maven-surefire-plugin/xsd/surefire-test-report.xsd" name="com.epam.rd.autocode.collections.StudentGradebookImplTest" time="0.886" tests="8" errors="0" skipped="0" failures="0">
  <properties>
[...]
</properties>
  <testcase name="sizeShouldBeEqualed6" classname="com.epam.rd.autocode.collections.StudentGradebookImplTest" time="0.012"/>
  <testcase name="getStudentsByDisciplineShouldReturnProperValue" classname="com.epam.rd.autocode.collections.StudentGradebookImplTest" time="0.004"/>
  <testcase name="getComparatorShouldReturnCorrectComparator" classname="com.epam.rd.autocode.collections.StudentGradebookImplTest" time="0.002"/>
  <testcase name="getAndSortAllStudentsShouldReturnMapWithCorrectContent" classname="com.epam.rd.autocode.collections.StudentGradebookImplTest" time="0.001"/>
  <testcase name="appShouldNotUseJavaUtilStream" classname="com.epam.rd.autocode.collections.StudentGradebookImplTest" time="0.8"/>
  <testcase name="removeStudentsByGradeShouldProperlyRemoveEntries" classname="com.epam.rd.autocode.collections.StudentGradebookImplTest" time="0.001"/>
  <testcase name="appShoulNotUseLambdaExpressions" classname="com.epam.rd.autocode.collections.StudentGradebookImplTest" time="0.003"/>
  <testcase name="addEntryOfStudentShouldReturnCorrectValues" classname="com.epam.rd.autocode.collections.StudentGradebookImplTest" time="0.002"/>
</testsuite>